<?xml version="1.0" encoding="UTF-8"?>
<testsuite name="petstore.Pet" tests="1" skipped="0" failures="0" errors="0" timestamp="2022-02-27T23:12:13" hostname="LAPTOP-S0N4U567" time="3.023">
  <properties/>
  <testcase name="incluirPet" classname="petstore.Pet" time="3.023"/>
  <system-out><![CDATA[Request method:	POST
Request URI:	https://petstore.swagger.io/v2/pet
Proxy:			<none>
Request params:	<none>
Query params:	<none>
Form params:	<none>
Path params:	<none>
Headers:		Accept=*/*
				Content-Type=application/json; charset=UTF-8
Cookies:		<none>
Multiparts:		<none>
Body:
{
    "id": 0,
    "category": {
        "id": 1,
        "name": "dog"
    },
    "name": "Jadenha",
    "photoUrls": [
        "string"
    ],
    "tags": [
        {
            "id": 2022,
            "name": "sta"
        }
    ],
    "status": "available"
}
HTTP/1.1 200 OK
Date: Sun, 27 Feb 2022 23:12:17 GMT
Content-Type: application/json
Transfer-Encoding: chunked
Connection: keep-alive
Access-Control-Allow-Origin: *
Access-Control-Allow-Methods: GET, POST, DELETE, PUT
Access-Control-Allow-Headers: Content-Type, api_key, Authorization
Server: Jetty(9.2.9.v20150224)

{
    "id": 9223372000001087214,
    "category": {
        "id": 1,
        "name": "dog"
    },
    "name": "Jadenha",
    "photoUrls": [
        "string"
    ],
    "tags": [
        {
            "id": 2022,
            "name": "sta"
        }
    ],
    "status": "available"
}
]]></system-out>
  <system-err><![CDATA[]]></system-err>
</testsuite>
