<?xml version="1.0" encoding="UTF-8"?>
<testsuite name="petstore.Pet" tests="4" skipped="0" failures="0" errors="0" timestamp="2022-03-01T15:25:54" hostname="LAPTOP-S0N4U567" time="5.616">
  <properties/>
  <testcase name="incluirPet" classname="petstore.Pet" time="2.825"/>
  <testcase name="consultarPet" classname="petstore.Pet" time="1.008"/>
  <testcase name="alterarPet" classname="petstore.Pet" time="0.878"/>
  <testcase name="excluirPet" classname="petstore.Pet" time="0.889"/>
  <system-out><![CDATA[Request method:	POST
Request URI:	https://petstore.swagger.io/v2/pet
Proxy:			<none>
Request params:	<none>
Query params:	<none>
Form params:	<none>
Path params:	<none>
Headers:		Accept=*/*
				Content-Type=application/json; charset=UTF-8
Cookies:		<none>
Multiparts:		<none>
Body:
{
    "id": 19850813,
    "category": {
        "id": 1,
        "name": "AX2345LORT"
    },
    "name": "Apollo",
    "photoUrls": [
        "string"
    ],
    "tags": [
        {
            "id": 2022,
            "name": "sta"
        }
    ],
    "status": "available"
}
HTTP/1.1 200 OK
Date: Tue, 01 Mar 2022 15:25:57 GMT
Content-Type: application/json
Transfer-Encoding: chunked
Connection: keep-alive
Access-Control-Allow-Origin: *
Access-Control-Allow-Methods: GET, POST, DELETE, PUT
Access-Control-Allow-Headers: Content-Type, api_key, Authorization
Server: Jetty(9.2.9.v20150224)

{
    "id": 19850813,
    "category": {
        "id": 1,
        "name": "AX2345LORT"
    },
    "name": "Apollo",
    "photoUrls": [
        "string"
    ],
    "tags": [
        {
            "id": 2022,
            "name": "sta"
        }
    ],
    "status": "available"
}
Request method:	GET
Request URI:	https://petstore.swagger.io/v2/pet/19850813
Proxy:			<none>
Request params:	<none>
Query params:	<none>
Form params:	<none>
Path params:	<none>
Headers:		Accept=*/*
				Content-Type=application/json; charset=UTF-8
Cookies:		<none>
Multiparts:		<none>
Body:			<none>
HTTP/1.1 200 OK
Date: Tue, 01 Mar 2022 15:25:59 GMT
Content-Type: application/json
Transfer-Encoding: chunked
Connection: keep-alive
Access-Control-Allow-Origin: *
Access-Control-Allow-Methods: GET, POST, DELETE, PUT
Access-Control-Allow-Headers: Content-Type, api_key, Authorization
Server: Jetty(9.2.9.v20150224)

{
    "id": 19850813,
    "category": {
        "id": 1,
        "name": "AX2345LORT"
    },
    "name": "Apollo",
    "photoUrls": [
        "string"
    ],
    "tags": [
        {
            "id": 2022,
            "name": "sta"
        }
    ],
    "status": "available"
}
O token Ã© AX2345LORT
Request method:	PUT
Request URI:	https://petstore.swagger.io/v2/pet
Proxy:			<none>
Request params:	<none>
Query params:	<none>
Form params:	<none>
Path params:	<none>
Headers:		Accept=*/*
				Content-Type=application/json; charset=UTF-8
Cookies:		<none>
Multiparts:		<none>
Body:
{
    "id": 19850813,
    "category": {
        "id": 1,
        "name": "AX2345LORT"
    },
    "name": "Apollo",
    "photoUrls": [
        "string"
    ],
    "tags": [
        {
            "id": 2022,
            "name": "sta"
        }
    ],
    "status": "sold"
}
HTTP/1.1 200 OK
Date: Tue, 01 Mar 2022 15:26:00 GMT
Content-Type: application/json
Transfer-Encoding: chunked
Connection: keep-alive
Access-Control-Allow-Origin: *
Access-Control-Allow-Methods: GET, POST, DELETE, PUT
Access-Control-Allow-Headers: Content-Type, api_key, Authorization
Server: Jetty(9.2.9.v20150224)

{
    "id": 19850813,
    "category": {
        "id": 1,
        "name": "AX2345LORT"
    },
    "name": "Apollo",
    "photoUrls": [
        "string"
    ],
    "tags": [
        {
            "id": 2022,
            "name": "sta"
        }
    ],
    "status": "sold"
}
Request method:	DELETE
Request URI:	https://petstore.swagger.io/v2/pet/19850813
Proxy:			<none>
Request params:	<none>
Query params:	<none>
Form params:	<none>
Path params:	<none>
Headers:		Accept=*/*
				Content-Type=application/json; charset=UTF-8
Cookies:		<none>
Multiparts:		<none>
Body:			<none>
HTTP/1.1 200 OK
Date: Tue, 01 Mar 2022 15:26:01 GMT
Content-Type: application/json
Transfer-Encoding: chunked
Connection: keep-alive
Access-Control-Allow-Origin: *
Access-Control-Allow-Methods: GET, POST, DELETE, PUT
Access-Control-Allow-Headers: Content-Type, api_key, Authorization
Server: Jetty(9.2.9.v20150224)

{
    "code": 200,
    "type": "unknown",
    "message": "19850813"
}
]]></system-out>
  <system-err><![CDATA[]]></system-err>
</testsuite>
